<?xml version="1.0" encoding="UTF-8"?>
<!-- Generated by org.testng.reporters.JUnitXMLReporter -->
<testsuite hostname="ip-172-31-95-52" ignored="0" name="Default test" tests="4" failures="0" timestamp="2022-05-09T10:14:44 UTC" time="19.302" errors="0">
  <testcase name="testAmazonHomePageTitle" time="0.627" classname="com.simplilearn.webapptest.amazon.AmazonHomepaeTest"/>
  <testcase name="testAmazonHomeSourceUrl" time="0.627" classname="com.simplilearn.webapptest.amazon.AmazonHomepaeTest"/>
  <testcase name="testAmazonSearchProductTest" time="3.132" classname="com.simplilearn.webapptest.amazon.AmazonHomepaeTest"/>
  <testcase name="testAmazonSearchProductTest2" time="3.58" classname="com.simplilearn.webapptest.amazon.AmazonHomepaeTest"/>
</testsuite> <!-- Default test -->
