<?xml version="1.0" encoding="UTF-8"?>
<!-- Generated by org.testng.reporters.JUnitXMLReporter -->
<testsuite hostname="ip-172-31-95-52" ignored="0" name="Default test" tests="2" failures="0" timestamp="2022-05-09T12:10:59 UTC" time="0.102" errors="0">
  <testcase name="hardAssertionTest" time="0.019" classname="com.simplilearn.webapptest.TestNgAssertionDemo"/>
  <testcase name="softAssertTest" time="0.022" classname="com.simplilearn.webapptest.TestNgAssertionDemo"/>
</testsuite> <!-- Default test -->
