<?xml version="1.0" encoding="UTF-8"?>
<!-- Generated by org.testng.reporters.JUnitXMLReporter -->
<testsuite hostname="ip-172-31-95-52" ignored="0" name="Amazon Test" tests="7" failures="1" timestamp="2022-05-09T12:15:00 UTC" time="35.709" errors="0">
  <testcase name="testAmazonHomePageTitle" time="0.338" classname="com.simplilearn.webapptest.amazon.AmazonHomepageTest"/>
  <testcase name="testAmazonHomeSourceUrl" time="0.745" classname="com.simplilearn.webapptest.amazon.AmazonHomepageTest"/>
  <testcase name="testAmazonSearchProductTest" time="3.471" classname="com.simplilearn.webapptest.amazon.AmazonHomepageTest"/>
  <testcase name="testAmazonSearchProductTest2" time="3.867" classname="com.simplilearn.webapptest.amazon.AmazonHomepageTest"/>
  <testcase name="testBestSellerNavLink" time="2.837" classname="com.simplilearn.webapptest.amazon.AmazonNavLinkTest"/>
  <testcase name="testBestSellerNavLink2" time="1.197" classname="com.simplilearn.webapptest.amazon.AmazonNavLinkTest">
    <failure type="java.lang.AssertionError" message="expected [] but found [Help - Amazon Customer Service]">
      <![CDATA[java.lang.AssertionError: expected [] but found [Help - Amazon Customer Service]
at com.simplilearn.webapptest.amazon.AmazonNavLinkTest.testBestSellerNavLink2(AmazonNavLinkTest.java:49)
at java.util.ArrayList.forEach(ArrayList.java:1257)
... Removed 33 stack frames]]>
    </failure>
  </testcase> <!-- testBestSellerNavLink2 -->
  <testcase name="testTodaysDealNavLink3" time="2.773" classname="com.simplilearn.webapptest.amazon.AmazonNavLinkTest"/>
</testsuite> <!-- Amazon Test -->
