<?xml version="1.0" encoding="UTF-8"?>
<!-- Generated by org.testng.reporters.JUnitXMLReporter -->
<testsuite hostname="ip-172-31-95-52" ignored="0" name="Facebook Test" tests="2" failures="0" timestamp="2022-05-09T11:01:58 UTC" time="16.235" errors="0">
  <testcase name="testFailureLogin" time="12.461" classname="com.simplilearn.webapptest.facebook.FacebookLoginTest"/>
  <testcase name="testFieldsLogin" time="0.158" classname="com.simplilearn.webapptest.facebook.FacebookLoginTest"/>
</testsuite> <!-- Facebook Test -->
