<?xml version="1.0" encoding="UTF-8"?>
<!-- Generated by org.testng.reporters.JUnitXMLReporter -->
<testsuite hostname="ip-172-31-95-52" ignored="0" name="Facebook Test" tests="2" failures="0" timestamp="2022-05-09T12:15:15 UTC" time="15.581" errors="0">
  <testcase name="testFailureLogin" time="11.563" classname="com.simplilearn.webapptest.facebook.FacebookLoginTest"/>
  <testcase name="testFieldsLogin" time="0.169" classname="com.simplilearn.webapptest.facebook.FacebookLoginTest"/>
</testsuite> <!-- Facebook Test -->
