<?xml version="1.0" encoding="UTF-8"?>
<!-- Generated by org.testng.reporters.JUnitXMLReporter -->
<testsuite hostname="ip-172-31-95-52" ignored="0" name="General Test" tests="3" failures="0" timestamp="2022-05-09T11:01:58 UTC" time="0.014" errors="0">
  <testcase name="testOne" time="0.0" classname="com.simplilearn.webapptest.TestNGStandardAnnotationTest"/>
  <testcase name="testThree" time="0.001" classname="com.simplilearn.webapptest.TestNGStandardAnnotationTest"/>
  <testcase name="testTwo" time="0.001" classname="com.simplilearn.webapptest.TestNGStandardAnnotationTest"/>
</testsuite> <!-- General Test -->
